2025-12-13 11:40:57 INFO  com.omrbranch.utility.BaseClass - Config.properties loaded successfully from: C:\SELENIUM\OmrBranchHotelProject_Sunil\src\test\resources\config\Config.properties
2025-12-13 11:40:57 INFO  com.omrbranch.runner.TestRunnerClass - Cucumber execution completed. Generating JVM report from: C:\SELENIUM\OmrBranchHotelProject_Sunil/target/output.json
2025-12-13 11:40:57 INFO  com.omrbranch.report.Reporting - Starting JVM Report Generation...
2025-12-13 11:40:57 INFO  com.omrbranch.report.Reporting - Created report directory: C:\SELENIUM\OmrBranchHotelProject_Sunil\target\JVM_Report_20251213_114057
2025-12-13 11:40:57 INFO  com.omrbranch.report.Reporting - Generating JVM report for JSON file(s): [C:\SELENIUM\OmrBranchHotelProject_Sunil/target/output.json]
2025-12-13 11:40:58 INFO  com.omrbranch.report.Reporting - ------------------------------------------------------------
2025-12-13 11:40:58 INFO  com.omrbranch.report.Reporting - JVM Report Generated Successfully!
2025-12-13 11:40:58 INFO  com.omrbranch.report.Reporting - Location : C:\SELENIUM\OmrBranchHotelProject_Sunil\target\JVM_Report_20251213_114057
2025-12-13 11:40:58 INFO  com.omrbranch.report.Reporting - Project  : OMR Branch Hotel Automation
2025-12-13 11:40:58 INFO  com.omrbranch.report.Reporting - Author   : Sunil_Ragav
2025-12-13 11:40:58 INFO  com.omrbranch.report.Reporting - Env      : QA
2025-12-13 11:40:58 INFO  com.omrbranch.report.Reporting - Time     : 20251213_114057
2025-12-13 11:40:58 INFO  com.omrbranch.report.Reporting - ------------------------------------------------------------
2025-12-13 11:40:58 INFO  com.omrbranch.runner.TestRunnerClass - JVM report generated successfully.
2025-12-13 11:42:40 INFO  com.omrbranch.utility.BaseClass - Config.properties loaded successfully from: C:\SELENIUM\OmrBranchHotelProject_Sunil\src\test\resources\config\Config.properties
2025-12-13 11:42:40 INFO  com.omrbranch.runner.TestRunnerClass - Cucumber execution completed. Generating JVM report from: C:\SELENIUM\OmrBranchHotelProject_Sunil/target/output.json
2025-12-13 11:42:40 INFO  com.omrbranch.report.Reporting - Starting JVM Report Generation...
2025-12-13 11:42:40 INFO  com.omrbranch.report.Reporting - Created report directory: C:\SELENIUM\OmrBranchHotelProject_Sunil\target\JVM_Report_20251213_114240
2025-12-13 11:42:40 INFO  com.omrbranch.report.Reporting - Generating JVM report for JSON file(s): [C:\SELENIUM\OmrBranchHotelProject_Sunil/target/output.json]
2025-12-13 11:42:41 INFO  com.omrbranch.report.Reporting - ------------------------------------------------------------
2025-12-13 11:42:41 INFO  com.omrbranch.report.Reporting - JVM Report Generated Successfully!
2025-12-13 11:42:41 INFO  com.omrbranch.report.Reporting - Location : C:\SELENIUM\OmrBranchHotelProject_Sunil\target\JVM_Report_20251213_114240
2025-12-13 11:42:41 INFO  com.omrbranch.report.Reporting - Project  : OMR Branch Hotel Automation
2025-12-13 11:42:41 INFO  com.omrbranch.report.Reporting - Author   : Sunil_Ragav
2025-12-13 11:42:41 INFO  com.omrbranch.report.Reporting - Env      : QA
2025-12-13 11:42:41 INFO  com.omrbranch.report.Reporting - Time     : 20251213_114240
2025-12-13 11:42:41 INFO  com.omrbranch.report.Reporting - ------------------------------------------------------------
2025-12-13 11:42:41 INFO  com.omrbranch.runner.TestRunnerClass - JVM report generated successfully.
2025-12-13 11:43:51 INFO  com.omrbranch.utility.BaseClass - Config.properties loaded successfully from: C:\SELENIUM\OmrBranchHotelProject_Sunil\src\test\resources\config\Config.properties
2025-12-13 11:43:51 INFO  com.omrbranch.runner.TestRunnerClass - Cucumber execution completed. Generating JVM report from: C:\SELENIUM\OmrBranchHotelProject_Sunil/target/output.json
2025-12-13 11:43:51 INFO  com.omrbranch.report.Reporting - Starting JVM Report Generation...
2025-12-13 11:43:51 INFO  com.omrbranch.report.Reporting - Created report directory: C:\SELENIUM\OmrBranchHotelProject_Sunil\target\JVM_Report_20251213_114351
2025-12-13 11:43:51 INFO  com.omrbranch.report.Reporting - Generating JVM report for JSON file(s): [C:\SELENIUM\OmrBranchHotelProject_Sunil/target/output.json]
2025-12-13 11:43:52 INFO  com.omrbranch.report.Reporting - ------------------------------------------------------------
2025-12-13 11:43:52 INFO  com.omrbranch.report.Reporting - JVM Report Generated Successfully!
2025-12-13 11:43:52 INFO  com.omrbranch.report.Reporting - Location : C:\SELENIUM\OmrBranchHotelProject_Sunil\target\JVM_Report_20251213_114351
2025-12-13 11:43:52 INFO  com.omrbranch.report.Reporting - Project  : OMR Branch Hotel Automation
2025-12-13 11:43:52 INFO  com.omrbranch.report.Reporting - Author   : Sunil_Ragav
2025-12-13 11:43:52 INFO  com.omrbranch.report.Reporting - Env      : QA
2025-12-13 11:43:52 INFO  com.omrbranch.report.Reporting - Time     : 20251213_114351
2025-12-13 11:43:52 INFO  com.omrbranch.report.Reporting - ------------------------------------------------------------
2025-12-13 11:43:52 INFO  com.omrbranch.runner.TestRunnerClass - JVM report generated successfully.
2025-12-13 11:46:19 INFO  com.omrbranch.utility.BaseClass - Config.properties loaded successfully from: C:\SELENIUM\OmrBranchHotelProject_Sunil\src\test\resources\config\Config.properties
2025-12-13 11:46:19 INFO  com.omrbranch.runner.TestRunnerClass - Cucumber execution completed. Generating JVM report from: C:\SELENIUM\OmrBranchHotelProject_Sunil/target/output.json
2025-12-13 11:46:19 INFO  com.omrbranch.report.Reporting - Starting JVM Report Generation...
2025-12-13 11:46:19 INFO  com.omrbranch.report.Reporting - Created report directory: C:\SELENIUM\OmrBranchHotelProject_Sunil\target\JVM_Report_20251213_114619
2025-12-13 11:46:19 INFO  com.omrbranch.report.Reporting - Generating JVM report for JSON file(s): [C:\SELENIUM\OmrBranchHotelProject_Sunil/target/output.json]
2025-12-13 11:46:20 INFO  com.omrbranch.report.Reporting - ------------------------------------------------------------
2025-12-13 11:46:20 INFO  com.omrbranch.report.Reporting - JVM Report Generated Successfully!
2025-12-13 11:46:20 INFO  com.omrbranch.report.Reporting - Location : C:\SELENIUM\OmrBranchHotelProject_Sunil\target\JVM_Report_20251213_114619
2025-12-13 11:46:20 INFO  com.omrbranch.report.Reporting - Project  : OMR Branch Hotel Automation
2025-12-13 11:46:20 INFO  com.omrbranch.report.Reporting - Author   : Sunil_Ragav
2025-12-13 11:46:20 INFO  com.omrbranch.report.Reporting - Env      : QA
2025-12-13 11:46:20 INFO  com.omrbranch.report.Reporting - Time     : 20251213_114619
2025-12-13 11:46:20 INFO  com.omrbranch.report.Reporting - ------------------------------------------------------------
2025-12-13 11:46:20 INFO  com.omrbranch.runner.TestRunnerClass - JVM report generated successfully.
2025-12-16 12:11:56 INFO  com.omrbranch.utility.BaseClass - Config.properties loaded successfully from: C:\SELENIUM\OmrBranchHotelProject_Sunil\src\test\resources\config\Config.properties
2025-12-16 12:11:56 INFO  com.omrbranch.runner.TestRunnerClass - Cucumber execution completed. Generating JVM report from: C:\SELENIUM\OmrBranchHotelProject_Sunil/target/output.json
2025-12-16 12:11:56 INFO  com.omrbranch.report.Reporting - Starting JVM Report Generation...
2025-12-16 12:11:56 INFO  com.omrbranch.report.Reporting - Created report directory: C:\SELENIUM\OmrBranchHotelProject_Sunil\target\JVM_Report_20251216_121156
2025-12-16 12:11:56 INFO  com.omrbranch.report.Reporting - Generating JVM report for JSON file(s): [C:\SELENIUM\OmrBranchHotelProject_Sunil/target/output.json]
2025-12-16 12:11:57 INFO  com.omrbranch.report.Reporting - ------------------------------------------------------------
2025-12-16 12:11:57 INFO  com.omrbranch.report.Reporting - JVM Report Generated Successfully!
2025-12-16 12:11:57 INFO  com.omrbranch.report.Reporting - Location : C:\SELENIUM\OmrBranchHotelProject_Sunil\target\JVM_Report_20251216_121156
2025-12-16 12:11:57 INFO  com.omrbranch.report.Reporting - Project  : OMR Branch Hotel Automation
2025-12-16 12:11:57 INFO  com.omrbranch.report.Reporting - Author   : Sunil_Ragav
2025-12-16 12:11:57 INFO  com.omrbranch.report.Reporting - Env      : QA
2025-12-16 12:11:57 INFO  com.omrbranch.report.Reporting - Time     : 20251216_121156
2025-12-16 12:11:57 INFO  com.omrbranch.report.Reporting - ------------------------------------------------------------
2025-12-16 12:11:57 INFO  com.omrbranch.runner.TestRunnerClass - JVM report generated successfully.
2025-12-17 16:01:30 INFO  com.omrbranch.utility.BaseClass - Config.properties loaded successfully from: C:\SELENIUM\OmrBranchHotelProject_Sunil\src\test\resources\config\Config.properties
2025-12-17 16:01:30 INFO  com.omrbranch.runner.TestRunnerClass - Cucumber execution completed. Generating JVM report from: C:\SELENIUM\OmrBranchHotelProject_Sunil/target/output.json
2025-12-17 16:01:30 INFO  com.omrbranch.report.Reporting - Starting JVM Report Generation...
2025-12-17 16:01:30 INFO  com.omrbranch.report.Reporting - Created report directory: C:\SELENIUM\OmrBranchHotelProject_Sunil\target\JVM_Report_20251217_160130
2025-12-17 16:01:30 INFO  com.omrbranch.report.Reporting - Generating JVM report for JSON file(s): [C:\SELENIUM\OmrBranchHotelProject_Sunil/target/output.json]
2025-12-17 16:01:33 INFO  com.omrbranch.report.Reporting - ------------------------------------------------------------
2025-12-17 16:01:33 INFO  com.omrbranch.report.Reporting - JVM Report Generated Successfully!
2025-12-17 16:01:33 INFO  com.omrbranch.report.Reporting - Location : C:\SELENIUM\OmrBranchHotelProject_Sunil\target\JVM_Report_20251217_160130
2025-12-17 16:01:33 INFO  com.omrbranch.report.Reporting - Project  : OMR Branch Hotel Automation
2025-12-17 16:01:33 INFO  com.omrbranch.report.Reporting - Author   : Sunil_Ragav
2025-12-17 16:01:33 INFO  com.omrbranch.report.Reporting - Env      : QA
2025-12-17 16:01:33 INFO  com.omrbranch.report.Reporting - Time     : 20251217_160130
2025-12-17 16:01:33 INFO  com.omrbranch.report.Reporting - ------------------------------------------------------------
2025-12-17 16:01:33 INFO  com.omrbranch.runner.TestRunnerClass - JVM report generated successfully.
2025-12-17 16:06:41 INFO  com.omrbranch.utility.BaseClass - Config.properties loaded successfully from: C:\SELENIUM\OmrBranchHotelProject_Sunil\src\test\resources\config\Config.properties
2025-12-17 16:06:41 INFO  com.omrbranch.hooks.HooksClass - ==============================================
2025-12-17 16:06:41 INFO  com.omrbranch.hooks.HooksClass - Scenario Started : Verify login with valid credentials without Enter Key
2025-12-17 16:06:41 INFO  com.omrbranch.hooks.HooksClass - ==============================================
2025-12-17 16:06:41 INFO  com.omrbranch.hooks.HooksClass - Launching browser
2025-12-17 16:06:41 INFO  com.omrbranch.utility.BaseClass - Launching browser: CHROME
2025-12-17 16:06:47 INFO  com.omrbranch.utility.BaseClass - Browser launched successfully | Browser=CHROME | ImplicitWait=15s
2025-12-17 16:06:47 INFO  com.omrbranch.hooks.HooksClass - Entering application URL
2025-12-17 16:06:47 INFO  com.omrbranch.utility.BaseClass - Navigating to URL (QA) : https://www.omrbranch.com/
2025-12-17 16:06:51 INFO  com.omrbranch.manager.PageObjectManager - Initializing LoginPage...
2025-12-17 16:07:22 ERROR com.omrbranch.hooks.HooksClass - Scenario Failed : Verify login with valid credentials without Enter Key
2025-12-17 16:07:22 INFO  com.omrbranch.hooks.HooksClass - Capturing screenshot
2025-12-17 16:07:24 INFO  com.omrbranch.hooks.HooksClass - Closing browser
2025-12-17 16:07:24 INFO  com.omrbranch.utility.BaseClass - Quitting browser session
2025-12-17 16:07:24 INFO  com.omrbranch.hooks.HooksClass - ==============================================
2025-12-17 16:07:24 INFO  com.omrbranch.hooks.HooksClass - Scenario Ended : Verify login with valid credentials without Enter Key
2025-12-17 16:07:24 INFO  com.omrbranch.hooks.HooksClass - ==============================================
2025-12-17 16:07:28 INFO  com.omrbranch.runner.TestRunnerClass - Cucumber execution completed. Generating JVM report from: C:\SELENIUM\OmrBranchHotelProject_Sunil/target/output.json
2025-12-17 16:07:28 INFO  com.omrbranch.report.Reporting - Starting JVM Report Generation...
2025-12-17 16:07:28 INFO  com.omrbranch.report.Reporting - Created report directory: C:\SELENIUM\OmrBranchHotelProject_Sunil\target\JVM_Report_20251217_160728
2025-12-17 16:07:28 INFO  com.omrbranch.report.Reporting - Generating JVM report for JSON file(s): [C:\SELENIUM\OmrBranchHotelProject_Sunil/target/output.json]
2025-12-17 16:07:30 INFO  com.omrbranch.report.Reporting - ------------------------------------------------------------
2025-12-17 16:07:30 INFO  com.omrbranch.report.Reporting - JVM Report Generated Successfully!
2025-12-17 16:07:30 INFO  com.omrbranch.report.Reporting - Location : C:\SELENIUM\OmrBranchHotelProject_Sunil\target\JVM_Report_20251217_160728
2025-12-17 16:07:30 INFO  com.omrbranch.report.Reporting - Project  : OMR Branch Hotel Automation
2025-12-17 16:07:30 INFO  com.omrbranch.report.Reporting - Author   : Sunil_Ragav
2025-12-17 16:07:30 INFO  com.omrbranch.report.Reporting - Env      : QA
2025-12-17 16:07:30 INFO  com.omrbranch.report.Reporting - Time     : 20251217_160728
2025-12-17 16:07:30 INFO  com.omrbranch.report.Reporting - ------------------------------------------------------------
2025-12-17 16:07:30 INFO  com.omrbranch.runner.TestRunnerClass - JVM report generated successfully.
2025-12-17 16:18:18 INFO  com.omrbranch.utility.BaseClass - Config.properties loaded successfully from: C:\SELENIUM\OmrBranchHotelProject_Sunil\src\test\resources\config\Config.properties
2025-12-17 16:18:18 INFO  com.omrbranch.hooks.HooksClass - ==============================================
2025-12-17 16:18:18 INFO  com.omrbranch.hooks.HooksClass - Scenario Started : Verify login with valid credentials without Enter Key
2025-12-17 16:18:18 INFO  com.omrbranch.hooks.HooksClass - ==============================================
2025-12-17 16:18:18 INFO  com.omrbranch.hooks.HooksClass - Launching browser
2025-12-17 16:18:18 INFO  com.omrbranch.utility.BaseClass - Launching browser: CHROME
2025-12-17 16:18:22 INFO  com.omrbranch.utility.BaseClass - Browser launched successfully | Browser=CHROME | ImplicitWait=15s
2025-12-17 16:18:22 INFO  com.omrbranch.hooks.HooksClass - Entering application URL
2025-12-17 16:18:22 INFO  com.omrbranch.utility.BaseClass - Navigating to URL (QA) : https://www.omrbranch.com/
2025-12-17 16:18:28 INFO  com.omrbranch.manager.PageObjectManager - Initializing LoginPage...
2025-12-17 16:18:30 INFO  com.omrbranch.manager.PageObjectManager - Initializing ExploreHotelPage...
2025-12-17 16:18:34 INFO  com.omrbranch.hooks.HooksClass - Scenario Passed : Verify login with valid credentials without Enter Key
2025-12-17 16:18:34 INFO  com.omrbranch.hooks.HooksClass - Capturing screenshot
2025-12-17 16:18:35 INFO  com.omrbranch.hooks.HooksClass - Closing browser
2025-12-17 16:18:35 INFO  com.omrbranch.utility.BaseClass - Quitting browser session
2025-12-17 16:18:36 INFO  com.omrbranch.hooks.HooksClass - ==============================================
2025-12-17 16:18:36 INFO  com.omrbranch.hooks.HooksClass - Scenario Ended : Verify login with valid credentials without Enter Key
2025-12-17 16:18:36 INFO  com.omrbranch.hooks.HooksClass - ==============================================
2025-12-17 16:18:40 INFO  com.omrbranch.runner.TestRunnerClass - Cucumber execution completed. Generating JVM report from: C:\SELENIUM\OmrBranchHotelProject_Sunil/target/output.json
2025-12-17 16:18:40 INFO  com.omrbranch.report.Reporting - Starting JVM Report Generation...
2025-12-17 16:18:40 INFO  com.omrbranch.report.Reporting - Created report directory: C:\SELENIUM\OmrBranchHotelProject_Sunil\target\JVM_Report_20251217_161840
2025-12-17 16:18:40 INFO  com.omrbranch.report.Reporting - Generating JVM report for JSON file(s): [C:\SELENIUM\OmrBranchHotelProject_Sunil/target/output.json]
2025-12-17 16:18:41 INFO  com.omrbranch.report.Reporting - ------------------------------------------------------------
2025-12-17 16:18:41 INFO  com.omrbranch.report.Reporting - JVM Report Generated Successfully!
2025-12-17 16:18:41 INFO  com.omrbranch.report.Reporting - Location : C:\SELENIUM\OmrBranchHotelProject_Sunil\target\JVM_Report_20251217_161840
2025-12-17 16:18:41 INFO  com.omrbranch.report.Reporting - Project  : OMR Branch Hotel Automation
2025-12-17 16:18:41 INFO  com.omrbranch.report.Reporting - Author   : Sunil_Ragav
2025-12-17 16:18:41 INFO  com.omrbranch.report.Reporting - Env      : QA
2025-12-17 16:18:41 INFO  com.omrbranch.report.Reporting - Time     : 20251217_161840
2025-12-17 16:18:41 INFO  com.omrbranch.report.Reporting - ------------------------------------------------------------
2025-12-17 16:18:41 INFO  com.omrbranch.runner.TestRunnerClass - JVM report generated successfully.
2025-12-17 17:12:45 INFO  com.omrbranch.utility.BaseClass - Config.properties loaded successfully from: C:\SELENIUM\OmrBranchHotelProject_Sunil\src\test\resources\config\Config.properties
2025-12-17 17:12:45 INFO  com.omrbranch.hooks.HooksClass - ==============================================
2025-12-17 17:12:45 INFO  com.omrbranch.hooks.HooksClass - Scenario Started : Verify login with valid credentials without Enter Key
2025-12-17 17:12:45 INFO  com.omrbranch.hooks.HooksClass - ==============================================
2025-12-17 17:12:45 INFO  com.omrbranch.hooks.HooksClass - Launching browser
2025-12-17 17:12:45 INFO  com.omrbranch.utility.BaseClass - Launching browser: CHROME
2025-12-17 17:12:49 INFO  com.omrbranch.utility.BaseClass - Browser launched successfully | Browser=CHROME | ImplicitWait=15s
2025-12-17 17:12:49 INFO  com.omrbranch.hooks.HooksClass - Entering application URL
2025-12-17 17:12:49 INFO  com.omrbranch.utility.BaseClass - Navigating to URL (QA) : https://www.omrbranch.com/
2025-12-17 17:12:49 INFO  com.omrbranch.manager.PageObjectManager - Initializing LoginPage...
2025-12-17 17:13:04 ERROR com.omrbranch.hooks.HooksClass - Scenario Failed : Verify login with valid credentials without Enter Key
2025-12-17 17:13:04 INFO  com.omrbranch.hooks.HooksClass - Capturing screenshot
2025-12-17 17:13:04 INFO  com.omrbranch.hooks.HooksClass - ==============================================
2025-12-17 17:13:04 INFO  com.omrbranch.hooks.HooksClass - Scenario Started : Verify login with valid credentials using Enter Key via Robot Class
2025-12-17 17:13:04 INFO  com.omrbranch.hooks.HooksClass - ==============================================
2025-12-17 17:13:04 INFO  com.omrbranch.hooks.HooksClass - Launching browser
2025-12-17 17:13:04 INFO  com.omrbranch.utility.BaseClass - Launching browser: CHROME
2025-12-17 17:13:06 INFO  com.omrbranch.utility.BaseClass - Browser launched successfully | Browser=CHROME | ImplicitWait=15s
2025-12-17 17:13:06 INFO  com.omrbranch.hooks.HooksClass - Entering application URL
2025-12-17 17:13:06 INFO  com.omrbranch.utility.BaseClass - Navigating to URL (QA) : https://www.omrbranch.com/
2025-12-17 17:13:07 INFO  com.omrbranch.manager.PageObjectManager - Initializing ExploreHotelPage...
2025-12-17 17:13:23 ERROR com.omrbranch.hooks.HooksClass - Scenario Failed : Verify login with valid credentials using Enter Key via Robot Class
2025-12-17 17:13:23 INFO  com.omrbranch.hooks.HooksClass - Capturing screenshot
2025-12-17 17:13:23 INFO  com.omrbranch.hooks.HooksClass - ==============================================
2025-12-17 17:13:23 INFO  com.omrbranch.hooks.HooksClass - Scenario Started : Verify login with invalid credentials
2025-12-17 17:13:23 INFO  com.omrbranch.hooks.HooksClass - ==============================================
2025-12-17 17:13:23 INFO  com.omrbranch.hooks.HooksClass - Launching browser
2025-12-17 17:13:23 INFO  com.omrbranch.utility.BaseClass - Launching browser: CHROME
2025-12-17 17:13:24 INFO  com.omrbranch.utility.BaseClass - Browser launched successfully | Browser=CHROME | ImplicitWait=15s
2025-12-17 17:13:24 INFO  com.omrbranch.hooks.HooksClass - Entering application URL
2025-12-17 17:13:24 INFO  com.omrbranch.utility.BaseClass - Navigating to URL (QA) : https://www.omrbranch.com/
2025-12-17 17:13:26 INFO  com.omrbranch.manager.PageObjectManager - Initializing LoginPage...
2025-12-17 17:13:41 ERROR com.omrbranch.hooks.HooksClass - Scenario Failed : Verify login with invalid credentials
2025-12-17 17:13:41 INFO  com.omrbranch.hooks.HooksClass - Capturing screenshot
2025-12-18 13:14:15 INFO  com.omrbranch.utility.BaseClass - Config.properties loaded successfully from: C:\SELENIUM\OmrBranchHotelProject_Sunil\src\test\resources\config\Config.properties
2025-12-18 13:14:15 INFO  com.omrbranch.hooks.HooksClass - ==============================================
2025-12-18 13:14:15 INFO  com.omrbranch.hooks.HooksClass - Scenario Started : Verify login with valid credentials without Enter Key
2025-12-18 13:14:15 INFO  com.omrbranch.hooks.HooksClass - ==============================================
2025-12-18 13:14:15 INFO  com.omrbranch.hooks.HooksClass - Launching browser
2025-12-18 13:14:15 INFO  com.omrbranch.utility.BaseClass - Launching browser: CHROME
2025-12-18 13:14:21 INFO  com.omrbranch.utility.BaseClass - Browser launched successfully | Browser=CHROME | ImplicitWait=15s
2025-12-18 13:14:21 INFO  com.omrbranch.hooks.HooksClass - Entering application URL
2025-12-18 13:14:21 INFO  com.omrbranch.utility.BaseClass - Navigating to URL (QA) : https://www.omrbranch.com/
2025-12-18 13:14:23 INFO  com.omrbranch.manager.PageObjectManager - Initializing LoginPage...
2025-12-18 13:14:26 INFO  com.omrbranch.manager.PageObjectManager - Initializing ExploreHotelPage...
2025-12-18 13:14:29 INFO  com.omrbranch.hooks.HooksClass - Scenario Passed : Verify login with valid credentials without Enter Key
2025-12-18 13:14:29 INFO  com.omrbranch.hooks.HooksClass - Capturing screenshot
2025-12-18 13:14:30 INFO  com.omrbranch.hooks.HooksClass - Closing browser
2025-12-18 13:14:30 INFO  com.omrbranch.utility.BaseClass - Quitting browser session
2025-12-18 13:14:30 INFO  com.omrbranch.hooks.HooksClass - ==============================================
2025-12-18 13:14:30 INFO  com.omrbranch.hooks.HooksClass - Scenario Ended : Verify login with valid credentials without Enter Key
2025-12-18 13:14:30 INFO  com.omrbranch.hooks.HooksClass - ==============================================
2025-12-18 13:14:34 INFO  com.omrbranch.runner.TestRunnerClass - Cucumber execution completed. Generating JVM report from: C:\SELENIUM\OmrBranchHotelProject_Sunil/target/output.json
2025-12-18 13:14:34 INFO  com.omrbranch.report.Reporting - Starting JVM Report Generation...
2025-12-18 13:14:34 INFO  com.omrbranch.report.Reporting - Created report directory: C:\SELENIUM\OmrBranchHotelProject_Sunil\target\JVM_Report_20251218_131434
2025-12-18 13:14:34 INFO  com.omrbranch.report.Reporting - Generating JVM report for JSON file(s): [C:\SELENIUM\OmrBranchHotelProject_Sunil/target/output.json]
2025-12-18 13:14:35 INFO  com.omrbranch.report.Reporting - ------------------------------------------------------------
2025-12-18 13:14:35 INFO  com.omrbranch.report.Reporting - JVM Report Generated Successfully!
2025-12-18 13:14:35 INFO  com.omrbranch.report.Reporting - Location : C:\SELENIUM\OmrBranchHotelProject_Sunil\target\JVM_Report_20251218_131434
2025-12-18 13:14:35 INFO  com.omrbranch.report.Reporting - Project  : OMR Branch Hotel Automation
2025-12-18 13:14:35 INFO  com.omrbranch.report.Reporting - Author   : Sunil_Ragav
2025-12-18 13:14:35 INFO  com.omrbranch.report.Reporting - Env      : QA
2025-12-18 13:14:35 INFO  com.omrbranch.report.Reporting - Time     : 20251218_131434
2025-12-18 13:14:35 INFO  com.omrbranch.report.Reporting - ------------------------------------------------------------
2025-12-18 13:14:35 INFO  com.omrbranch.runner.TestRunnerClass - JVM report generated successfully.
2025-12-18 13:21:34 INFO  com.omrbranch.utility.BaseClass - Config.properties loaded successfully from: C:\SELENIUM\OmrBranchHotelProject_Sunil\src\test\resources\config\Config.properties
2025-12-18 13:21:34 INFO  com.omrbranch.hooks.HooksClass - ==============================================
2025-12-18 13:21:34 INFO  com.omrbranch.hooks.HooksClass - Scenario Started : Verify login with valid credentials without Enter Key
2025-12-18 13:21:34 INFO  com.omrbranch.hooks.HooksClass - ==============================================
2025-12-18 13:21:34 INFO  com.omrbranch.hooks.HooksClass - Launching browser
2025-12-18 13:21:34 INFO  com.omrbranch.utility.BaseClass - Launching browser: CHROME
2025-12-18 13:21:37 INFO  com.omrbranch.utility.BaseClass - Browser launched successfully | Browser=CHROME | ImplicitWait=15s
2025-12-18 13:21:37 INFO  com.omrbranch.hooks.HooksClass - Entering application URL
2025-12-18 13:21:37 INFO  com.omrbranch.utility.BaseClass - Navigating to URL (UAT) : https://uat.omrbranch.com/
2025-12-18 13:21:38 ERROR com.omrbranch.hooks.HooksClass - Scenario Failed : Verify login with valid credentials without Enter Key
2025-12-18 13:21:38 INFO  com.omrbranch.hooks.HooksClass - Capturing screenshot
2025-12-18 13:21:39 INFO  com.omrbranch.hooks.HooksClass - Closing browser
2025-12-18 13:21:39 INFO  com.omrbranch.utility.BaseClass - Quitting browser session
2025-12-18 13:21:39 INFO  com.omrbranch.hooks.HooksClass - ==============================================
2025-12-18 13:21:39 INFO  com.omrbranch.hooks.HooksClass - Scenario Ended : Verify login with valid credentials without Enter Key
2025-12-18 13:21:39 INFO  com.omrbranch.hooks.HooksClass - ==============================================
2025-12-18 13:21:41 INFO  com.omrbranch.runner.TestRunnerClass - Cucumber execution completed. Generating JVM report from: C:\SELENIUM\OmrBranchHotelProject_Sunil/target/output.json
2025-12-18 13:21:41 INFO  com.omrbranch.report.Reporting - Starting JVM Report Generation...
2025-12-18 13:21:41 INFO  com.omrbranch.report.Reporting - Created report directory: C:\SELENIUM\OmrBranchHotelProject_Sunil\target\JVM_Report_20251218_132141
2025-12-18 13:21:41 INFO  com.omrbranch.report.Reporting - Generating JVM report for JSON file(s): [C:\SELENIUM\OmrBranchHotelProject_Sunil/target/output.json]
2025-12-18 13:21:43 INFO  com.omrbranch.report.Reporting - ------------------------------------------------------------
2025-12-18 13:21:43 INFO  com.omrbranch.report.Reporting - JVM Report Generated Successfully!
2025-12-18 13:21:43 INFO  com.omrbranch.report.Reporting - Location : C:\SELENIUM\OmrBranchHotelProject_Sunil\target\JVM_Report_20251218_132141
2025-12-18 13:21:43 INFO  com.omrbranch.report.Reporting - Project  : OMR Branch Hotel Automation
2025-12-18 13:21:43 INFO  com.omrbranch.report.Reporting - Author   : Sunil_Ragav
2025-12-18 13:21:43 INFO  com.omrbranch.report.Reporting - Env      : UAT
2025-12-18 13:21:43 INFO  com.omrbranch.report.Reporting - Time     : 20251218_132141
2025-12-18 13:21:43 INFO  com.omrbranch.report.Reporting - ------------------------------------------------------------
2025-12-18 13:21:43 INFO  com.omrbranch.runner.TestRunnerClass - JVM report generated successfully.
2025-12-18 13:29:26 INFO  com.omrbranch.utility.BaseClass - Config.properties loaded successfully from: C:\SELENIUM\OmrBranchHotelProject_Sunil\src\test\resources\config\Config.properties
2025-12-18 13:29:26 INFO  com.omrbranch.hooks.HooksClass - ==============================================
2025-12-18 13:29:26 INFO  com.omrbranch.hooks.HooksClass - Scenario Started : Verify login with valid credentials without Enter Key
2025-12-18 13:29:26 INFO  com.omrbranch.hooks.HooksClass - ==============================================
2025-12-18 13:29:26 INFO  com.omrbranch.hooks.HooksClass - Launching browser
2025-12-18 13:29:26 INFO  com.omrbranch.utility.BaseClass - Launching browser: CHROME
2025-12-18 13:29:30 INFO  com.omrbranch.utility.BaseClass - Browser launched successfully | Browser=CHROME | ImplicitWait=15s
2025-12-18 13:29:30 INFO  com.omrbranch.hooks.HooksClass - Entering application URL
2025-12-18 13:29:30 INFO  com.omrbranch.utility.BaseClass - Navigating to URL (QA) : https://www.omrbranch.com/
2025-12-18 13:29:31 INFO  com.omrbranch.manager.PageObjectManager - Initializing LoginPage...
2025-12-18 13:29:33 INFO  com.omrbranch.manager.PageObjectManager - Initializing ExploreHotelPage...
2025-12-18 13:29:35 INFO  com.omrbranch.hooks.HooksClass - Scenario Passed : Verify login with valid credentials without Enter Key
2025-12-18 13:29:35 INFO  com.omrbranch.hooks.HooksClass - Capturing screenshot
2025-12-18 13:29:36 INFO  com.omrbranch.hooks.HooksClass - Closing browser
2025-12-18 13:29:36 INFO  com.omrbranch.utility.BaseClass - Quitting browser session
2025-12-18 13:29:37 INFO  com.omrbranch.hooks.HooksClass - ==============================================
2025-12-18 13:29:37 INFO  com.omrbranch.hooks.HooksClass - Scenario Ended : Verify login with valid credentials without Enter Key
2025-12-18 13:29:37 INFO  com.omrbranch.hooks.HooksClass - ==============================================
2025-12-18 13:29:41 INFO  com.omrbranch.runner.TestRunnerClass - Cucumber execution completed. Generating JVM report from: C:\SELENIUM\OmrBranchHotelProject_Sunil/target/output.json
2025-12-18 13:29:41 INFO  com.omrbranch.report.Reporting - Starting JVM Report Generation...
2025-12-18 13:29:41 INFO  com.omrbranch.report.Reporting - Created report directory: C:\SELENIUM\OmrBranchHotelProject_Sunil\target\JVM_Report_20251218_132941
2025-12-18 13:29:41 INFO  com.omrbranch.report.Reporting - Generating JVM report for JSON file(s): [C:\SELENIUM\OmrBranchHotelProject_Sunil/target/output.json]
2025-12-18 13:29:42 INFO  com.omrbranch.report.Reporting - ------------------------------------------------------------
2025-12-18 13:29:42 INFO  com.omrbranch.report.Reporting - JVM Report Generated Successfully!
2025-12-18 13:29:42 INFO  com.omrbranch.report.Reporting - Location : C:\SELENIUM\OmrBranchHotelProject_Sunil\target\JVM_Report_20251218_132941
2025-12-18 13:29:42 INFO  com.omrbranch.report.Reporting - Project  : OMR Branch Hotel Automation
2025-12-18 13:29:42 INFO  com.omrbranch.report.Reporting - Author   : Sunil_Ragav
2025-12-18 13:29:42 INFO  com.omrbranch.report.Reporting - Env      : UAT
2025-12-18 13:29:42 INFO  com.omrbranch.report.Reporting - Time     : 20251218_132941
2025-12-18 13:29:42 INFO  com.omrbranch.report.Reporting - ------------------------------------------------------------
2025-12-18 13:29:42 INFO  com.omrbranch.runner.TestRunnerClass - JVM report generated successfully.
